

times in msec
 clock   self+sourced   self:  sourced script
 clock   elapsed:              other lines

000.009  000.009: --- NVIM STARTING ---
001.023  001.014: locale set
007.938  006.915: inits 1
007.974  000.036: window checked
008.164  000.190: parsing arguments
008.469  000.306: expanding arguments
008.574  000.105: inits 2
009.016  000.442: init highlight
009.017  000.002: waiting for UI
011.935  002.918: done waiting for UI
011.969  000.034: initialized screen early for UI
015.029  002.138  002.138: sourcing /Users/max/.config/nvim/autoload/plug.vim
016.866  000.106  000.106: sourcing /usr/local/Caskroom/neovim-nightly/latest/nvim-osx64/share/nvim/runtime/autoload/provider/pythonx.vim
069.109  000.208  000.208: sourcing /usr/local/Caskroom/neovim-nightly/latest/nvim-osx64/share/nvim/runtime/autoload/remote/host.vim
069.213  052.623  052.309: sourcing /usr/local/Caskroom/neovim-nightly/latest/nvim-osx64/share/nvim/runtime/autoload/provider/python3.vim
078.812  000.091  000.091: sourcing /Users/max/.config/nvim/plugged/vim-go/ftdetect/gofiletype.vim
090.740  000.025  000.025: sourcing /Users/max/.config/nvim/plugged/vim-fugitive/ftdetect/fugitive.vim
090.979  000.033  000.033: sourcing /Users/max/.config/nvim/plugged/nvim-treesitter/ftdetect/query.vim
091.449  008.086  008.028: sourcing /usr/local/Caskroom/neovim-nightly/latest/nvim-osx64/share/nvim/runtime/filetype.vim
092.060  000.043  000.043: sourcing /usr/local/Caskroom/neovim-nightly/latest/nvim-osx64/share/nvim/runtime/ftplugin.vim
092.665  000.039  000.039: sourcing /usr/local/Caskroom/neovim-nightly/latest/nvim-osx64/share/nvim/runtime/indent.vim
094.005  000.308  000.308: sourcing /usr/local/Caskroom/neovim-nightly/latest/nvim-osx64/share/nvim/runtime/syntax/syncolor.vim
094.367  001.001  000.693: sourcing /usr/local/Caskroom/neovim-nightly/latest/nvim-osx64/share/nvim/runtime/syntax/synload.vim
094.400  001.382  000.381: sourcing /usr/local/Caskroom/neovim-nightly/latest/nvim-osx64/share/nvim/runtime/syntax/syntax.vim
095.157  000.111  000.111: sourcing /Users/max/.config/nvim/plugin_config/ale.vim
095.245  000.019  000.019: sourcing /Users/max/.config/nvim/plugin_config/autopairs.vim
095.491  000.184  000.184: sourcing /Users/max/.config/nvim/plugin_config/coc.vim
096.220  000.172  000.172: sourcing /usr/local/Caskroom/neovim-nightly/latest/nvim-osx64/share/nvim/runtime/syntax/syncolor.vim
098.361  000.162  000.162: sourcing /usr/local/Caskroom/neovim-nightly/latest/nvim-osx64/share/nvim/runtime/syntax/syncolor.vim
099.291  000.135  000.135: sourcing /usr/local/Caskroom/neovim-nightly/latest/nvim-osx64/share/nvim/runtime/syntax/syncolor.vim
105.486  008.663  008.366: sourcing /Users/max/.config/nvim/plugged/papercolor-theme/colors/PaperColor.vim
105.537  009.976  001.140: sourcing /Users/max/.config/nvim/plugin_config/colorscheme.vim
105.879  000.053  000.053: sourcing /Users/max/.config/nvim/plugged/defx.nvim/autoload/defx/custom.vim
106.321  000.302  000.302: sourcing /Users/max/.config/nvim/plugged/defx.nvim/autoload/defx/util.vim
106.562  000.950  000.595: sourcing /Users/max/.config/nvim/plugin_config/defx.vim
106.667  000.037  000.037: sourcing /Users/max/.config/nvim/plugin_config/fugitive.vim
106.807  000.081  000.081: sourcing /Users/max/.config/nvim/plugin_config/fzf.vim
106.901  000.033  000.033: sourcing /Users/max/.config/nvim/plugin_config/go.vim
107.067  000.104  000.104: sourcing /Users/max/.config/nvim/plugin_config/grep.vim
107.137  000.011  000.011: sourcing /Users/max/.config/nvim/plugin_config/leaderf.vim
107.409  000.214  000.214: sourcing /Users/max/.config/nvim/plugin_config/lightline.vim
107.529  000.041  000.041: sourcing /Users/max/.config/nvim/plugin_config/nerdcommenter.vim
107.608  000.020  000.020: sourcing /Users/max/.config/nvim/plugin_config/nerdtree.vim
107.756  000.091  000.091: sourcing /Users/max/.config/nvim/plugin_config/startify.vim
107.865  000.052  000.052: sourcing /Users/max/.config/nvim/plugin_config/switch.vim
107.949  000.028  000.028: sourcing /Users/max/.config/nvim/plugin_config/terminal.vim
121.200  013.197  013.197: sourcing /Users/max/.config/nvim/plugin_config/treesitter.vim
121.371  000.061  000.061: sourcing /Users/max/.config/nvim/plugin_config/vista.vim
121.471  000.042  000.042: sourcing /Users/max/.config/nvim/plugin_config/ywvim.vim
121.487  108.742  019.088: sourcing /Users/max/.config/nvim/plug.vim
121.954  000.018  000.018: sourcing /usr/local/Caskroom/neovim-nightly/latest/nvim-osx64/share/nvim/runtime/filetype.vim
122.487  000.017  000.017: sourcing /usr/local/Caskroom/neovim-nightly/latest/nvim-osx64/share/nvim/runtime/ftplugin.vim
122.988  000.017  000.017: sourcing /usr/local/Caskroom/neovim-nightly/latest/nvim-osx64/share/nvim/runtime/filetype.vim
123.485  000.016  000.016: sourcing /usr/local/Caskroom/neovim-nightly/latest/nvim-osx64/share/nvim/runtime/indent.vim
123.860  000.079  000.079: sourcing /usr/local/Caskroom/neovim-nightly/latest/nvim-osx64/share/nvim/runtime/delmenu.vim
126.215  000.040  000.040: sourcing /usr/local/Caskroom/neovim-nightly/latest/nvim-osx64/share/nvim/runtime/autoload/paste.vim
127.965  004.038  003.999: sourcing /usr/local/Caskroom/neovim-nightly/latest/nvim-osx64/share/nvim/runtime/menu.vim
128.550  006.974  002.789: sourcing /Users/max/.config/nvim/basic.vim
128.587  116.139  000.423: sourcing /Users/max/.config/nvim/init.vim
128.595  000.486: sourcing vimrc file(s)
130.661  001.663  001.663: sourcing /Users/max/.config/nvim/plugged/vim-devicons/plugin/webdevicons.vim
131.073  000.154  000.154: sourcing /Users/max/.config/nvim/plugged/vim-rsi/plugin/rsi.vim
131.401  000.151  000.151: sourcing /Users/max/.config/nvim/plugged/vim-cool/plugin/cool.vim
131.728  000.087  000.087: sourcing /Users/max/.config/nvim/plugged/vim-startify/plugin/startify.vim
131.933  000.034  000.034: sourcing /Users/max/.config/nvim/plugged/rainbow/plugin/rainbow_main.vim
132.118  000.023  000.023: sourcing /Users/max/.config/nvim/plugged/defx.nvim/plugin/defx.vim
132.807  000.531  000.531: sourcing /Users/max/.config/nvim/plugged/defx-icons/plugin/defx_icons.vim
133.170  000.161  000.161: sourcing /Users/max/.config/nvim/plugged/vim-highlightedyank/plugin/highlightedyank.vim
133.881  000.540  000.540: sourcing /Users/max/.fzf/plugin/fzf.vim
134.804  000.735  000.735: sourcing /Users/max/.config/nvim/plugged/fzf.vim/plugin/fzf.vim
135.354  000.153  000.153: sourcing /Users/max/.config/nvim/plugged/vim-visual-multi/autoload/vm/plugs.vim
135.880  000.150  000.150: sourcing /Users/max/.config/nvim/plugged/vim-visual-multi/autoload/vm/maps.vim
136.174  000.132  000.132: sourcing /Users/max/.config/nvim/plugged/vim-visual-multi/autoload/vm/maps/all.vim
137.216  002.226  001.791: sourcing /Users/max/.config/nvim/plugged/vim-visual-multi/plugin/visual-multi.vim
137.842  000.435  000.435: sourcing /Users/max/.config/nvim/plugged/vim-surround/plugin/surround.vim
141.307  003.285  003.285: sourcing /Users/max/.config/nvim/plugged/nerdcommenter/plugin/NERD_commenter.vim
141.853  000.081  000.081: sourcing /Users/max/.config/nvim/plugged/coc.nvim/autoload/coc/rpc.vim
142.473  000.463  000.463: sourcing /Users/max/.config/nvim/plugged/coc.nvim/autoload/coc/util.vim
143.011  000.196  000.196: sourcing /Users/max/.config/nvim/plugged/coc.nvim/autoload/coc/client.vim
149.683  008.134  007.393: sourcing /Users/max/.config/nvim/plugged/coc.nvim/plugin/coc.vim
150.811  000.097  000.097: sourcing /Users/max/.config/nvim/plugged/ale/autoload/ale/events.vim
151.092  001.127  001.030: sourcing /Users/max/.config/nvim/plugged/ale/plugin/ale.vim
151.429  000.117  000.117: sourcing /Users/max/.config/nvim/plugged/lightline.vim/plugin/lightline.vim
151.647  000.019  000.019: sourcing /Users/max/.config/nvim/plugged/visual-selection-vim/plugin/visual.vim
152.326  000.159  000.159: sourcing /Users/max/.config/nvim/plugged/vim-gitgutter/autoload/gitgutter/utility.vim
153.008  000.255  000.255: sourcing /Users/max/.config/nvim/plugged/vim-gitgutter/autoload/gitgutter/highlight.vim
154.404  002.539  002.125: sourcing /Users/max/.config/nvim/plugged/vim-gitgutter/plugin/gitgutter.vim
156.063  001.424  001.424: sourcing /Users/max/.config/nvim/plugged/vim-fugitive/plugin/fugitive.vim
156.717  000.416  000.416: sourcing /Users/max/.config/nvim/plugged/gv.vim/plugin/gv.vim
157.116  000.124  000.124: sourcing /Users/max/.config/nvim/plugged/git-messenger.vim/plugin/gitmessenger.vim
157.367  000.038  000.038: sourcing /Users/max/.config/nvim/plugged/vim-snippets/plugin/vimsnippets.vim
157.706  000.137  000.137: sourcing /Users/max/.config/nvim/plugged/clever-f.vim/plugin/clever-f.vim
158.529  000.236  000.236: sourcing /Users/max/.config/nvim/plugged/vim-signature/autoload/signature/utils.vim
159.394  001.396  001.159: sourcing /Users/max/.config/nvim/plugged/vim-signature/plugin/signature.vim
160.050  000.165  000.165: sourcing /Users/max/.config/nvim/plugged/vim-mundo/autoload/mundo/util.vim
160.280  000.665  000.500: sourcing /Users/max/.config/nvim/plugged/vim-mundo/plugin/mundo.vim
161.298  000.812  000.812: sourcing /Users/max/.config/nvim/plugged/vim-terminal-help/plugin/terminal_help.vim
161.912  000.080  000.080: sourcing /Users/max/.config/nvim/plugged/vim-hexokinase/autoload/hexokinase/v2.vim
162.094  000.589  000.510: sourcing /Users/max/.config/nvim/plugged/vim-hexokinase/plugin/hexokinase.vim
164.663  002.347  002.347: sourcing /Users/max/.config/nvim/plugged/nvim-treesitter/plugin/nvim-treesitter.vim
165.174  000.235  000.235: sourcing /Users/max/.config/nvim/plugged/vim-illuminate/plugin/illuminate.vim
168.993  003.599  003.599: sourcing /Users/max/.config/nvim/plugged/emmet-vim/plugin/emmet.vim
170.234  000.239  000.239: sourcing /Users/max/.config/nvim/plugged/vim-quickui/colors/quickui/system.vim
170.619  001.153  000.914: sourcing /Users/max/.config/nvim/plugged/vim-quickui/plugin/quickui.vim
172.973  000.954  000.954: sourcing /Users/max/.config/nvim/plugged/vim-textobj-user/autoload/textobj/user.vim
175.710  004.123  003.169: sourcing /Users/max/.config/nvim/plugged/vim-textobj-function/plugin/textobj/function.vim
178.447  002.401  002.401: sourcing /Users/max/.config/nvim/plugged/vim-textobj-indent/plugin/textobj/indent.vim
180.243  001.498  001.498: sourcing /Users/max/.config/nvim/plugged/vim-textobj-line/plugin/textobj/line.vim
181.875  000.338  000.338: sourcing /usr/local/Caskroom/neovim-nightly/latest/nvim-osx64/share/nvim/runtime/plugin/gzip.vim
182.000  000.029  000.029: sourcing /usr/local/Caskroom/neovim-nightly/latest/nvim-osx64/share/nvim/runtime/plugin/health.vim
182.230  000.147  000.147: sourcing /usr/local/Caskroom/neovim-nightly/latest/nvim-osx64/share/nvim/runtime/plugin/man.vim
184.941  000.318  000.318: sourcing /usr/local/Caskroom/neovim-nightly/latest/nvim-osx64/share/nvim/runtime/pack/dist/opt/matchit/plugin/matchit.vim
185.027  002.712  002.394: sourcing /usr/local/Caskroom/neovim-nightly/latest/nvim-osx64/share/nvim/runtime/plugin/matchit.vim
185.292  000.174  000.174: sourcing /usr/local/Caskroom/neovim-nightly/latest/nvim-osx64/share/nvim/runtime/plugin/matchparen.vim
185.949  000.567  000.567: sourcing /usr/local/Caskroom/neovim-nightly/latest/nvim-osx64/share/nvim/runtime/plugin/netrwPlugin.vim
186.996  000.172  000.172: sourcing /usr/local/Caskroom/neovim-nightly/latest/nvim-osx64/share/nvim/runtime/autoload/remote/define.vim
187.085  000.756  000.584: sourcing /Users/max/.local/share/nvim/rplugin.vim
187.095  001.034  000.278: sourcing /usr/local/Caskroom/neovim-nightly/latest/nvim-osx64/share/nvim/runtime/plugin/rplugin.vim
187.324  000.125  000.125: sourcing /usr/local/Caskroom/neovim-nightly/latest/nvim-osx64/share/nvim/runtime/plugin/shada.vim
187.445  000.033  000.033: sourcing /usr/local/Caskroom/neovim-nightly/latest/nvim-osx64/share/nvim/runtime/plugin/spellfile.vim
187.688  000.164  000.164: sourcing /usr/local/Caskroom/neovim-nightly/latest/nvim-osx64/share/nvim/runtime/plugin/tarPlugin.vim
187.873  000.097  000.097: sourcing /usr/local/Caskroom/neovim-nightly/latest/nvim-osx64/share/nvim/runtime/plugin/tohtml.vim
187.996  000.030  000.030: sourcing /usr/local/Caskroom/neovim-nightly/latest/nvim-osx64/share/nvim/runtime/plugin/tutor.vim
188.273  000.198  000.198: sourcing /usr/local/Caskroom/neovim-nightly/latest/nvim-osx64/share/nvim/runtime/plugin/zipPlugin.vim
188.366  011.203: loading plugins
188.590  000.223: loading packages
189.336  000.427  000.427: sourcing /Users/max/.config/nvim/plugged/indentLine/after/plugin/indentLine.vim
189.614  000.051  000.051: sourcing /Users/max/.config/nvim/plugged/vim-signature/after/plugin/signature.vim
189.779  000.711: loading after plugins
189.798  000.019: inits 3
192.064  002.266: reading ShaDa
195.721  000.259  000.259: sourcing /usr/local/Caskroom/neovim-nightly/latest/nvim-osx64/share/nvim/runtime/ftplugin/vim.vim
196.591  000.042  000.042: sourcing /Users/max/.config/nvim/plugged/vim-textobj-function/after/ftplugin/vim/textobj-function.vim
198.347  000.089  000.089: sourcing /usr/local/Caskroom/neovim-nightly/latest/nvim-osx64/share/nvim/runtime/indent/vim.vim
205.225  005.890  005.890: sourcing /usr/local/Caskroom/neovim-nightly/latest/nvim-osx64/share/nvim/runtime/syntax/vim.vim
207.427  002.015  002.015: sourcing /usr/local/Caskroom/neovim-nightly/latest/nvim-osx64/share/nvim/runtime/syntax/vim/generated.vim
208.727  000.887  000.887: sourcing /usr/local/Caskroom/neovim-nightly/latest/nvim-osx64/share/nvim/runtime/syntax/vim/generated.vim
209.852  000.828  000.828: sourcing /usr/local/Caskroom/neovim-nightly/latest/nvim-osx64/share/nvim/runtime/syntax/vim/generated.vim
210.230  000.143  000.143: sourcing /Users/max/.config/nvim/plugged/rainbow/autoload/rainbow_main.vim
210.558  000.085  000.085: sourcing /Users/max/.config/nvim/plugged/rainbow/autoload/rainbow.vim
215.247  000.117  000.117: sourcing /Users/max/.config/nvim/plugged/vim-hexokinase/autoload/hexokinase/v2/scraper.vim
215.623  000.097  000.097: sourcing /Users/max/.config/nvim/plugged/vim-hexokinase/autoload/hexokinase/utils.vim
220.306  017.791: opening buffers
221.380  000.562  000.562: sourcing /Users/max/.config/nvim/plugged/lightline.vim/autoload/lightline.vim
222.217  000.183  000.183: sourcing /Users/max/.config/nvim/plugged/coc.nvim/autoload/coc.vim
227.474  004.590  004.590: sourcing /Users/max/.config/nvim/plugged/vim-fugitive/autoload/fugitive.vim
228.276  000.055  000.055: sourcing /Users/max/.config/nvim/plugged/lightline.vim/autoload/lightline/tab.vim
228.966  000.184  000.184: sourcing /Users/max/.config/nvim/plugged/lightline.vim/autoload/lightline/colorscheme.vim
232.648  003.461  003.461: sourcing /Users/max/.config/nvim/plugged/lightline.vim/autoload/lightline/colorscheme/PaperColor_light.vim
232.667  004.098  000.452: sourcing /Users/max/.config/nvim/plugged/lightline.vim/autoload/lightline/colorscheme/PaperColor.vim
243.860  000.134  000.134: sourcing /Users/max/.config/nvim/plugged/vim-gitgutter/autoload/gitgutter.vim
244.345  000.204  000.204: sourcing /Users/max/.config/nvim/plugged/vim-signature/autoload/signature/sign.vim
244.959  000.218  000.218: sourcing /Users/max/.config/nvim/plugged/vim-signature/autoload/signature/mark.vim
247.621  017.271: BufEnter autocommands
247.624  000.003: editing files in windows
248.732  001.108: VimEnter autocommands
248.735  000.003: UIEnter autocommands
248.736  000.001: before starting main loop
249.789  000.849  000.849: sourcing /Users/max/.config/nvim/plugged/coc.nvim/autoload/coc/float.vim
250.256  000.130  000.130: sourcing /Users/max/.config/nvim/plugged/vim-illuminate/autoload/illuminate.vim
258.375  008.660: first screen update
258.379  000.004: --- NVIM STARTED ---
